2023-09-27 11:58:53,254 - ERROR - An error occurred: This is a test error
2023-09-27 14:26:15,854 - INFO - User entered name: er
2023-09-27 14:26:16,909 - INFO - Created/accessed output directory: C:\Users\Star\python\face-recognition-using-deep-learning-master\dataset\er
2023-09-27 14:26:19,833 - INFO - Captured 44 frames.
2023-09-27 14:26:19,842 - INFO - Execution time: 2.92 seconds
2023-09-27 14:26:19,842 - INFO - CPU Usage: 20.8%
2023-09-27 14:26:19,844 - INFO - 44 frames captured and saved in the directory 'C:\Users\Star\python\face-recognition-using-deep-learning-master\dataset\er'.
2023-09-27 14:26:59,632 - INFO - Folder 'C:\Users\Star\python\face-recognition-using-deep-learning-master\dataset\er' and its contents deleted.
2023-09-27 14:32:43,358 - INFO - User entered name: de
2023-09-27 14:32:44,052 - INFO - Created/accessed output directory: C:\Users\Star\python\face-recognition-using-deep-learning-master\dataset\de
2023-09-27 14:32:47,540 - INFO - Captured 60 frames.
2023-09-27 14:32:47,542 - INFO - Execution time: 3.49 seconds
2023-09-27 14:32:47,542 - INFO - CPU Usage: 12.5%
2023-09-27 14:32:47,542 - INFO - 60 frames captured and saved in the directory 'C:\Users\Star\python\face-recognition-using-deep-learning-master\dataset\de'.
2023-09-27 14:32:59,483 - ERROR - Invalid delete password. Access denied.
2023-09-27 14:32:59,483 - INFO - Invalid delete password entered.
2023-09-27 14:33:35,426 - INFO - Folder 'C:\Users\Star\python\face-recognition-using-deep-learning-master\dataset\de' and its contents deleted.
2023-09-27 14:49:52,891 - INFO - User entered name: ewr
2023-09-27 14:49:53,745 - INFO - Created/accessed output directory: C:\Users\Star\python\face-recognition-using-deep-learning-master\dataset\ewr
2023-09-27 14:49:57,879 - INFO - Captured 78 frames.
2023-09-27 14:49:57,899 - INFO - Execution time: 4.13 seconds
2023-09-27 14:49:57,899 - INFO - CPU Usage: 16.5%
2023-09-27 14:49:57,899 - INFO - 78 frames captured and saved in the directory 'C:\Users\Star\python\face-recognition-using-deep-learning-master\dataset\ewr'.
2023-09-27 14:54:41,175 - ERROR - An error occurred: perform_security_actions() missing 1 required positional argument: 'capture_count'
2023-09-27 14:55:30,085 - ERROR - An error occurred: perform_security_actions() missing 1 required positional argument: 'capture_count'
2023-09-27 14:55:57,767 - ERROR - An error occurred: perform_security_actions() missing 1 required positional argument: 'capture_count'
2023-09-27 15:10:50,481 - INFO - User entered name: kumar
2023-09-27 15:10:51,287 - INFO - Created/accessed output directory: C:\Users\Star\python\face-recognition-using-deep-learning-master\dataset\kumar
2023-09-27 15:11:01,417 - INFO - Captured 223 frames.
2023-09-27 15:11:01,420 - INFO - Execution time: 10.13 seconds
2023-09-27 15:11:01,420 - INFO - CPU Usage: 35.0%
2023-09-27 15:11:01,420 - INFO - 223 frames captured and saved in the directory 'C:\Users\Star\python\face-recognition-using-deep-learning-master\dataset\kumar'.
2023-09-27 15:13:14,180 - INFO - Folder 'C:\Users\Star\python\face-recognition-using-deep-learning-master\dataset\kumar' and its contents deleted.
2023-09-27 15:14:21,496 - INFO - User entered name: sdfgh
2023-09-27 15:14:22,209 - INFO - Created/accessed output directory: C:\Users\Star\python\face-recognition-using-deep-learning-master\dataset\sdfgh
2023-09-27 15:14:27,329 - INFO - Captured 94 frames.
2023-09-27 15:14:27,330 - INFO - Execution time: 5.12 seconds
2023-09-27 15:14:27,330 - INFO - CPU Usage: 29.9%
2023-09-27 15:14:27,330 - INFO - 94 frames captured and saved in the directory 'C:\Users\Star\python\face-recognition-using-deep-learning-master\dataset\sdfgh'.
2023-09-27 15:14:52,585 - INFO - Folder 'C:\Users\Star\python\face-recognition-using-deep-learning-master\dataset\sdfgh' and its contents deleted.
2023-09-27 15:16:18,387 - INFO - User entered name: kumar
2023-09-27 15:16:19,036 - INFO - Created/accessed output directory: C:\Users\Star\python\face-recognition-using-deep-learning-master\dataset\kumar
2023-09-27 15:16:29,095 - INFO - Captured 227 frames.
2023-09-27 15:16:29,115 - INFO - Execution time: 10.06 seconds
2023-09-27 15:16:29,116 - INFO - CPU Usage: 34.5%
2023-09-27 15:16:29,116 - INFO - 227 frames captured and saved in the directory 'C:\Users\Star\python\face-recognition-using-deep-learning-master\dataset\kumar'.
2023-09-27 16:29:42,329 - INFO - User entered name: nammalvar
2023-09-27 16:29:43,690 - INFO - Created/accessed output directory: C:\Users\Star\python\face-recognition-using-deep-learning-master\dataset\nammalvar
2023-09-27 16:30:54,245 - INFO - User entered name: nammalvar
2023-09-27 16:30:55,054 - INFO - Created/accessed output directory: C:\Users\Star\python\face-recognition-using-deep-learning-master\dataset\nammalvar
2023-09-27 16:31:25,102 - INFO - Captured 805 frames.
2023-09-27 16:31:25,135 - INFO - Execution time: 30.06 seconds
2023-09-27 16:31:25,135 - INFO - CPU Usage: 31.5%
2023-09-27 16:31:25,135 - INFO - 805 frames captured and saved in the directory 'C:\Users\Star\python\face-recognition-using-deep-learning-master\dataset\nammalvar'.
2024-01-08 10:23:36,058 - INFO - User entered name: kumar
2024-01-08 10:23:37,128 - ERROR - Error creating/accessing output directory: [WinError 123] The filename, directory name, or volume label syntax is incorrect: 'E:\x0cace\x0cace-deduction-algo-main\x0cace-recognition-using-deep-learning-master'
2024-01-08 10:23:37,128 - ERROR - Output directory creation failed. Exiting.
2024-01-08 10:32:16,567 - INFO - User entered name: kumar
2024-01-08 10:32:17,297 - ERROR - Error creating/accessing output directory: [WinError 123] The filename, directory name, or volume label syntax is incorrect: 'E:\x0cace\x0cace-deduction-algo-main\x0cace-recognition-using-deep-learning-master'
2024-01-08 10:32:17,297 - ERROR - Output directory creation failed. Exiting.
2024-01-08 10:35:59,100 - INFO - User entered name: gg
2024-01-08 10:35:59,830 - ERROR - Error creating/accessing output directory: [WinError 123] The filename, directory name, or volume label syntax is incorrect: 'E:\x0cace\x0cace-deduction-algo-main\x0cace-recognition-using-deep-learning-master'
2024-01-08 10:35:59,838 - ERROR - Output directory creation failed. Exiting.
2024-01-08 10:39:21,843 - INFO - User entered name: mm
2024-01-08 10:39:22,749 - ERROR - Error creating/accessing output directory: [WinError 123] The filename, directory name, or volume label syntax is incorrect: 'E:\x0cace\x0cace-deduction-algo-main\x0cace-recognition-using-deep-learning-master'
2024-01-08 10:39:22,749 - ERROR - Output directory creation failed. Exiting.
2024-01-08 10:39:38,218 - INFO - User entered name: cc
2024-01-08 10:39:38,857 - ERROR - Error creating/accessing output directory: [WinError 123] The filename, directory name, or volume label syntax is incorrect: 'E:\x0cace\x0cace-deduction-algo-main\x0cace-recognition-using-deep-learning-master'
2024-01-08 10:39:38,857 - ERROR - Output directory creation failed. Exiting.
2024-01-08 10:44:35,513 - INFO - User entered name: ff
2024-01-08 10:44:36,728 - ERROR - Error creating/accessing output directory: [WinError 123] The filename, directory name, or volume label syntax is incorrect: 'E:\x0cace\x0cace-deduction-algo-main\x0cace-recognition-using-deep-learning-master'
2024-01-08 10:44:36,728 - ERROR - Output directory creation failed. Exiting.
2024-01-08 10:45:38,170 - INFO - User entered name: rr
2024-01-08 10:45:38,971 - INFO - Created/accessed output directory: E:\face\face-deduction-algo-main\face-recognition-using-deep-learning-master\dataset\rr
2024-01-08 10:46:09,220 - INFO - Captured 856 frames.
2024-01-08 10:46:09,233 - INFO - Execution time: 30.26 seconds
2024-01-08 10:46:09,233 - INFO - CPU Usage: 34.2%
2024-01-08 10:46:09,234 - INFO - 856 frames captured and saved in the directory 'E:\face\face-deduction-algo-main\face-recognition-using-deep-learning-master\dataset\rr'.
2024-01-08 10:46:26,528 - INFO - [INFO] loading face embeddings from training model ...)
2024-01-08 10:46:26,574 - INFO - [INFO] encoding labels...
2024-01-08 10:46:26,577 - INFO - [INFO] training model...
2024-01-08 10:46:26,583 - INFO - [INFO] saving recognizer model to disk...
2024-01-08 10:46:26,586 - INFO - [INFO] saving label encoder to disk...
2024-01-08 10:46:26,587 - INFO - [INFO] Face recognition model training completed from script third.
2024-01-08 10:49:19,750 - INFO - User entered name: senthil
2024-01-08 10:49:22,366 - INFO - Created/accessed output directory: E:\face\face-deduction-algo-main\face-recognition-using-deep-learning-master\dataset\senthil
2024-01-08 10:49:52,430 - INFO - Captured 870 frames.
2024-01-08 10:49:52,433 - INFO - Execution time: 30.07 seconds
2024-01-08 10:49:52,433 - INFO - CPU Usage: 6.9%
2024-01-08 10:49:52,433 - INFO - 870 frames captured and saved in the directory 'E:\face\face-deduction-algo-main\face-recognition-using-deep-learning-master\dataset\senthil'.
2024-01-08 10:50:17,906 - INFO - [INFO] loading face embeddings from training model ...)
2024-01-08 10:50:17,939 - INFO - [INFO] encoding labels...
2024-01-08 10:50:17,943 - INFO - [INFO] training model...
2024-01-08 10:50:17,959 - INFO - [INFO] saving recognizer model to disk...
2024-01-08 10:50:17,962 - INFO - [INFO] saving label encoder to disk...
2024-01-08 10:50:17,963 - INFO - [INFO] Face recognition model training completed from script third.
2024-01-08 10:51:38,777 - INFO - User entered name: jj
2024-01-08 10:51:39,496 - INFO - Created/accessed output directory: E:\face\face-deduction-algo-main\face-recognition-using-deep-learning-master\dataset\jj
2024-01-08 10:52:09,606 - INFO - Captured 857 frames.
2024-01-08 10:52:09,613 - INFO - Execution time: 30.11 seconds
2024-01-08 10:52:09,614 - INFO - CPU Usage: 22.4%
2024-01-08 10:52:09,614 - INFO - 857 frames captured and saved in the directory 'E:\face\face-deduction-algo-main\face-recognition-using-deep-learning-master\dataset\jj'.
2024-01-08 10:52:15,504 - INFO - Loading Face Detector...
2024-01-08 10:52:17,090 - INFO - [INFO] loading face embeddings from training model ...)
2024-01-08 10:52:17,132 - INFO - [INFO] encoding labels...
2024-01-08 10:52:17,135 - INFO - [INFO] training model...
2024-01-08 10:52:17,140 - INFO - [INFO] saving recognizer model to disk...
2024-01-08 10:52:17,143 - INFO - [INFO] saving label encoder to disk...
2024-01-08 10:52:17,144 - INFO - [INFO] Face recognition model training completed from script third.
2024-01-08 10:58:57,126 - INFO - User entered name: rr
2024-01-08 10:58:58,058 - INFO - Created/accessed output directory: E:\face\face-deduction-algo-main\face-recognition-using-deep-learning-master\dataset\rr
2024-01-08 10:59:28,221 - INFO - Captured 844 frames.
2024-01-08 10:59:28,228 - INFO - Execution time: 30.17 seconds
2024-01-08 10:59:28,228 - INFO - CPU Usage: 22.2%
2024-01-08 10:59:28,229 - INFO - 844 frames captured and saved in the directory 'E:\face\face-deduction-algo-main\face-recognition-using-deep-learning-master\dataset\rr'.
2024-01-08 10:59:35,251 - INFO - Loading Face Detector...
2024-01-08 10:59:35,502 - INFO - Loading Face Recognizer from E:\\face\\face-deduction-algo-main\\face-recognition-using-deep-learning-master\\face_detection_model\\openface_nn4.small2.v1.t7...
2024-01-08 10:59:35,858 - INFO - Quantifying Faces...
2024-01-08 10:59:35,859 - INFO - [INFO] Serializing 0 encodings...
2024-01-08 10:59:37,765 - INFO - [INFO] loading face embeddings from training model ...)
2024-01-08 10:59:37,774 - INFO - [INFO] encoding labels...
2024-01-08 10:59:37,776 - INFO - [INFO] training model...
2024-01-08 11:10:13,123 - INFO - Loading Face Detector...
2024-01-08 11:10:13,388 - INFO - Loading Face Recognizer from E:\\face\\face-deduction-algo-main\\face-recognition-using-deep-learning-master\\face_detection_model\\openface_nn4.small2.v1.t7...
2024-01-08 11:10:13,735 - INFO - Quantifying Faces...
2024-01-08 11:10:13,735 - INFO - [INFO] Serializing 0 encodings...
2024-01-08 11:18:01,539 - INFO - User entered name: & C:/Users/Star/AppData/Local/Programs/Python/Python38/python.exe e:/face/face-deduction-algo-main/testing.py
2024-01-08 11:18:02,439 - ERROR - Error creating/accessing output directory: [WinError 123] The filename, directory name, or volume label syntax is incorrect: 'E:\\face\\face-deduction-algo-main\\face-recognition-using-deep-learning-master\\dataset\\& C:'
2024-01-08 11:18:02,473 - ERROR - Output directory creation failed. Exiting.
2024-01-08 11:18:13,489 - INFO - User entered name: tt
2024-01-08 11:18:14,121 - INFO - Created/accessed output directory: E:\face\face-deduction-algo-main\face-recognition-using-deep-learning-master\dataset\tt
2024-01-08 11:18:44,287 - INFO - Captured 866 frames.
2024-01-08 11:18:44,290 - INFO - Execution time: 30.17 seconds
2024-01-08 11:18:44,290 - INFO - CPU Usage: 16.1%
2024-01-08 11:18:44,290 - INFO - 866 frames captured and saved in the directory 'E:\face\face-deduction-algo-main\face-recognition-using-deep-learning-master\dataset\tt'.
2024-01-08 11:19:19,996 - INFO - Loading Face Detector...
2024-01-08 11:19:20,300 - INFO - Loading Face Recognizer from E:\\face\\face-deduction-algo-main\\face-recognition-using-deep-learning-master\\face_detection_model\\openface_nn4.small2.v1.t7...
2024-01-08 11:19:20,641 - INFO - Quantifying Faces...
2024-01-08 11:19:20,641 - INFO - [INFO] Serializing 0 encodings...
2024-01-08 11:19:22,948 - INFO - [INFO] loading face embeddings from training model ...)
2024-01-08 11:19:22,950 - INFO - [INFO] encoding labels...
2024-01-08 11:19:22,953 - INFO - [INFO] training model...
2024-01-08 11:24:40,015 - INFO - [INFO] loading face embeddings from training model ...)
2024-01-08 11:24:40,015 - ERROR - [ERROR] Face embeddings array is empty.
2024-01-08 11:29:46,197 - INFO - [INFO] loading face embeddings from training model...
2024-01-08 11:29:46,197 - ERROR - [ERROR] Face embeddings array is empty.
2024-01-08 11:35:32,756 - INFO - [INFO] loading face embeddings from training model...
2024-01-08 11:35:32,756 - ERROR - [ERROR] Face embeddings array is empty.
2024-01-08 11:37:21,948 - INFO - [INFO] loading face embeddings from training model...
2024-01-08 11:37:21,996 - ERROR - [ERROR] Face embeddings array is empty.
2024-01-08 11:41:44,159 - INFO - [INFO] loading face embeddings from training model...
2024-01-08 11:41:44,159 - ERROR - [ERROR] File not found: E:\\face\\face-deduction-algo-main\\output\\embeddings.pickle
2024-01-08 11:43:24,340 - ERROR - [ERROR] embeddings.pickle file not found. Creating a new one.
2024-01-08 11:43:24,340 - INFO - [INFO] encoding labels...
2024-01-08 11:43:24,344 - INFO - [INFO] training model...
2024-01-08 11:44:12,013 - ERROR - [ERROR] embeddings.pickle file not found. Creating a new one.
2024-01-08 11:44:12,013 - ERROR - [ERROR] Face embeddings array is empty.
2024-01-08 11:45:26,460 - ERROR - [ERROR] embeddings.pickle file not found. Creating a new one.
2024-01-08 11:45:26,460 - ERROR - [ERROR] Face embeddings array is empty.
2024-01-08 11:46:36,331 - INFO - Loading Face Detector...
2024-01-08 11:46:36,643 - INFO - Loading Face Recognizer from E:\\face\\face-deduction-algo-main\\face-recognition-using-deep-learning-master\\face_detection_model\\openface_nn4.small2.v1.t7...
2024-01-08 11:46:37,000 - INFO - Quantifying Faces...
2024-01-08 11:46:37,000 - INFO - [INFO] Serializing 0 encodings...
2024-01-08 12:57:22,696 - INFO - Loading Face Detector...
2024-01-08 12:57:23,029 - INFO - Loading Face Recognizer from E:\\face\\face-deduction-algo-main\\face-recognition-using-deep-learning-master\\face_detection_model\\openface_nn4.small2.v1.t7...
2024-01-08 12:57:23,400 - INFO - Quantifying Faces...
2024-01-08 12:57:23,400 - INFO - [INFO] Serializing 0 encodings...
2024-01-08 12:57:49,556 - INFO - Loading Face Detector...
2024-01-08 12:57:49,590 - INFO - Loading Face Recognizer from E:\\face\\face-deduction-algo-main\\face-recognition-using-deep-learning-master\\face_detection_model\\openface_nn4.small2.v1.t7...
2024-01-08 12:57:49,630 - INFO - Quantifying Faces...
2024-01-08 12:57:49,630 - INFO - [INFO] Serializing 0 encodings...
2024-01-08 12:59:54,914 - INFO - Loading Face Detector...
2024-01-08 12:59:54,974 - INFO - Loading Face Recognizer from E:\\face\\face-deduction-algo-main\\face-recognition-using-deep-learning-master\\face_detection_model\\openface_nn4.small2.v1.t7...
2024-01-08 12:59:57,015 - INFO - Quantifying Faces...
2024-01-08 12:59:57,015 - INFO - [INFO] Serializing 0 encodings...
2024-01-08 13:04:43,475 - ERROR - [ERROR] Face embeddings array is empty.
2024-01-08 16:18:00,792 - INFO - Loading Face Detector...
2024-01-08 16:18:01,178 - INFO - Loading Face Recognizer from E:\\face\\face-deduction-algo-main\\face-recognition-using-deep-learning-master\\face_detection_model\\openface_nn4.small2.v1.t7...
2024-01-08 16:18:01,543 - INFO - Quantifying Faces...
2024-01-08 16:18:01,558 - INFO - [INFO] Serializing 0 encodings...
2024-01-08 16:18:21,583 - INFO - Loading Face Detector...
2024-01-08 16:18:21,625 - INFO - Loading Face Recognizer from E:\\face\\face-deduction-algo-main\\face-recognition-using-deep-learning-master\\face_detection_model\\openface_nn4.small2.v1.t7...
2024-01-08 16:18:21,659 - INFO - Quantifying Faces...
2024-01-08 16:18:21,659 - INFO - [INFO] Serializing 0 encodings...
2024-01-08 16:23:14,457 - INFO - Loading Face Detector...
2024-01-08 16:23:14,734 - INFO - Loading Face Recognizer from E:\\face\\face-deduction-algo-main\\face-recognition-using-deep-learning-master\\face_detection_model\\openface_nn4.small2.v1.t7...
2024-01-08 16:23:15,068 - INFO - Quantifying Faces...
2024-01-08 16:23:15,068 - INFO - [INFO] Serializing 0 encodings...
2024-01-08 16:23:47,393 - INFO - Loading Face Detector...
2024-01-08 16:23:47,408 - INFO - Loading Face Recognizer from E:\\face\\face-deduction-algo-main\\face-recognition-using-deep-learning-master\\face_detection_model\\openface_nn4.small2.v1.t7...
2024-01-08 16:23:47,455 - INFO - Quantifying Faces...
2024-01-08 16:23:47,455 - INFO - [INFO] Serializing 0 encodings...
2024-01-08 16:24:21,015 - INFO - Loading Face Detector...
2024-01-08 16:24:21,046 - INFO - Loading Face Recognizer from E:\\face\\face-deduction-algo-main\\face-recognition-using-deep-learning-master\\face_detection_model\\openface_nn4.small2.v1.t7...
2024-01-08 16:24:21,093 - INFO - Quantifying Faces...
2024-01-08 16:24:21,140 - INFO - Processing image 0/20
2024-01-08 16:24:22,508 - INFO - [INFO] Serializing 20 encodings...
2024-01-08 16:24:39,270 - INFO - [INFO] encoding labels...
2024-01-08 16:24:39,270 - INFO - [INFO] training model...
2024-01-08 16:29:45,384 - INFO - [INFO] encoding labels...
2024-01-08 16:29:45,384 - INFO - [INFO] training model...
2024-01-08 16:33:50,488 - INFO - Loading Face Detector...
2024-01-08 16:33:50,759 - INFO - Loading Face Recognizer from E:\\face\\face-deduction-algo-main\\face-recognition-using-deep-learning-master\\face_detection_model\\openface_nn4.small2.v1.t7...
2024-01-08 16:33:51,074 - INFO - Quantifying Faces...
2024-01-08 16:33:51,074 - INFO - [INFO] Serializing 0 encodings...
2024-01-08 16:35:01,643 - INFO - Loading Face Detector...
2024-01-08 16:35:01,674 - INFO - Loading Face Recognizer from E:\\face\\face-deduction-algo-main\\face-recognition-using-deep-learning-master\\face_detection_model\\openface_nn4.small2.v1.t7...
2024-01-08 16:35:01,705 - INFO - Quantifying Faces...
2024-01-08 16:35:01,705 - INFO - [INFO] Serializing 0 encodings...
2024-01-08 16:35:11,453 - ERROR - [ERROR] Face embeddings array is empty.
2024-01-08 16:52:53,764 - INFO - Loading Face Detector...
2024-01-08 16:52:54,030 - INFO - Loading Face Recognizer from E:\\face\\face-deduction-algo-main\\face-recognition-using-deep-learning-master\\face_detection_model\\openface_nn4.small2.v1.t7...
2024-01-08 16:52:54,365 - INFO - Quantifying Faces...
2024-01-08 16:52:54,366 - INFO - [INFO] Serializing 0 encodings...
2024-01-08 16:57:48,296 - ERROR - [ERROR] Face embeddings array is empty.
2024-01-08 16:58:08,646 - INFO - User entered name: kumar
2024-01-08 16:58:09,725 - INFO - Created/accessed output directory: E:\face\face-deduction-algo-main\face-recognition-using-deep-learning-master\dataset\kumar
2024-01-08 16:58:39,832 - INFO - Captured 862 frames.
2024-01-08 16:58:39,842 - INFO - Execution time: 30.11 seconds
2024-01-08 16:58:39,843 - INFO - CPU Usage: 25.8%
2024-01-08 16:58:39,844 - INFO - 862 frames captured and saved in the directory 'E:\face\face-deduction-algo-main\face-recognition-using-deep-learning-master\dataset\kumar'.
2024-01-08 16:58:59,688 - INFO - Loading Face Detector...
2024-01-08 16:58:59,938 - INFO - Loading Face Recognizer from E:\\face\\face-deduction-algo-main\\face-recognition-using-deep-learning-master\\face_detection_model\\openface_nn4.small2.v1.t7...
2024-01-08 16:59:00,284 - INFO - Quantifying Faces...
2024-01-08 16:59:00,284 - INFO - Processing image 0/862
2024-01-08 16:59:07,475 - INFO - Processing image 50/862
2024-01-08 16:59:13,824 - INFO - Processing image 100/862
2024-01-08 16:59:19,867 - INFO - Processing image 150/862
2024-01-08 16:59:24,883 - INFO - Processing image 200/862
2024-01-08 16:59:30,077 - INFO - Processing image 250/862
2024-01-08 16:59:35,265 - INFO - Processing image 300/862
2024-01-08 16:59:40,953 - INFO - Processing image 350/862
2024-01-08 16:59:46,923 - INFO - Processing image 400/862
2024-01-08 16:59:52,469 - INFO - Processing image 450/862
2024-01-08 16:59:58,157 - INFO - Processing image 500/862
2024-01-08 17:00:03,923 - INFO - Processing image 550/862
2024-01-08 17:00:09,315 - INFO - Processing image 600/862
2024-01-08 17:00:14,690 - INFO - Processing image 650/862
2024-01-08 17:00:19,691 - INFO - Processing image 700/862
2024-01-08 17:00:24,863 - INFO - Processing image 750/862
2024-01-08 17:00:29,972 - INFO - Processing image 800/862
2024-01-08 17:00:35,301 - INFO - Processing image 850/862
2024-01-08 17:00:36,458 - INFO - [INFO] Serializing 421 encodings...
2024-01-08 17:00:38,481 - INFO - [INFO] encoding labels...
2024-01-08 17:00:38,481 - INFO - [INFO] training model...
2024-01-08 17:01:59,299 - INFO - [INFO] encoding labels...
2024-01-08 17:01:59,299 - INFO - [INFO] training model...
2024-01-08 17:03:57,049 - INFO - Loading Face Detector...
2024-01-08 17:03:57,295 - INFO - Loading Face Recognizer from E:\\face\\face-deduction-algo-main\\face-recognition-using-deep-learning-master\\face_detection_model\\openface_nn4.small2.v1.t7...
2024-01-08 17:03:57,591 - INFO - Quantifying Faces...
2024-01-08 17:03:57,591 - INFO - [INFO] Serializing 0 encodings...
2024-01-08 17:04:16,263 - INFO - Loading Face Detector...
2024-01-08 17:04:16,294 - INFO - Loading Face Recognizer from E:\\face\\face-deduction-algo-main\\face-recognition-using-deep-learning-master\\face_detection_model\\openface_nn4.small2.v1.t7...
2024-01-08 17:04:16,326 - INFO - Quantifying Faces...
2024-01-08 17:04:16,341 - INFO - Processing image 0/862
2024-01-08 17:04:21,859 - INFO - Processing image 50/862
2024-01-08 17:04:26,698 - INFO - Processing image 100/862
2024-01-08 17:04:30,679 - INFO - Processing image 150/862
2024-01-08 17:04:35,304 - INFO - Processing image 200/862
2024-01-08 17:04:40,092 - INFO - Processing image 250/862
2024-01-08 17:04:44,979 - INFO - Processing image 300/862
2024-01-08 17:04:50,387 - INFO - Processing image 350/862
2024-01-08 17:04:55,938 - INFO - Processing image 400/862
2024-01-08 17:05:01,095 - INFO - Processing image 450/862
2024-01-08 17:05:06,410 - INFO - Processing image 500/862
2024-01-08 17:05:11,457 - INFO - Processing image 550/862
2024-01-08 17:05:16,036 - INFO - Processing image 600/862
2024-01-08 17:05:20,596 - INFO - Processing image 650/862
2024-01-08 17:05:25,153 - INFO - Processing image 700/862
2024-01-08 17:05:29,602 - INFO - Processing image 750/862
2024-01-08 17:05:34,067 - INFO - Processing image 800/862
2024-01-08 17:05:38,735 - INFO - Processing image 850/862
2024-01-08 17:05:39,861 - INFO - [INFO] Serializing 421 encodings...
2024-01-08 17:13:16,136 - INFO - [INFO] encoding labels...
2024-01-08 17:13:16,148 - INFO - [INFO] training model...
2024-01-08 17:16:08,200 - INFO - [INFO] encoding labels...
2024-01-08 17:16:08,216 - ERROR - [ERROR] Number of unique classes is less than 2. Unable to train the model.
2024-01-08 17:17:15,461 - INFO - User entered name: senthil
2024-01-08 17:17:16,766 - INFO - Created/accessed output directory: E:\face\face-deduction-algo-main\face-recognition-using-deep-learning-master\dataset\senthil
2024-01-08 17:17:24,422 - INFO - Captured 142 frames.
2024-01-08 17:17:24,449 - INFO - Execution time: 7.68 seconds
2024-01-08 17:17:24,449 - INFO - CPU Usage: 36.3%
2024-01-08 17:17:24,449 - INFO - 142 frames captured and saved in the directory 'E:\face\face-deduction-algo-main\face-recognition-using-deep-learning-master\dataset\senthil'.
2024-01-08 17:17:28,951 - INFO - Loading Face Detector...
2024-01-08 17:17:30,256 - INFO - [INFO] encoding labels...
2024-01-08 17:17:30,256 - ERROR - [ERROR] Number of unique classes is less than 2. Unable to train the model.
2024-01-08 17:22:58,823 - INFO - Loading Face Detector...
2024-01-08 17:22:59,072 - INFO - Loading Face Recognizer from E:\\face\\face-deduction-algo-main\\face_detection_model\\openface_nn4.small2.v1.t7...
2024-01-08 17:22:59,416 - INFO - Quantifying Faces...
2024-01-08 17:22:59,416 - INFO - Processing image 0/862
2024-01-08 17:23:05,198 - INFO - Processing image 50/862
2024-01-08 17:23:09,432 - INFO - Processing image 100/862
2024-01-08 17:23:12,593 - INFO - Processing image 150/862
2024-01-08 17:23:15,758 - INFO - Processing image 200/862
2024-01-08 17:23:19,329 - INFO - Processing image 250/862
2024-01-08 17:23:22,060 - INFO - Processing image 300/862
2024-01-08 17:23:25,199 - INFO - Processing image 350/862
2024-01-08 17:23:28,701 - INFO - Processing image 400/862
2024-01-08 17:23:32,033 - INFO - Processing image 450/862
2024-01-08 17:23:36,878 - INFO - Processing image 500/862
2024-01-08 17:23:40,894 - INFO - Processing image 550/862
2024-01-08 17:23:44,099 - INFO - Processing image 600/862
2024-01-08 17:23:47,105 - INFO - Processing image 650/862
2024-01-08 17:23:49,886 - INFO - Processing image 700/862
2024-01-08 17:23:52,867 - INFO - Processing image 750/862
2024-01-08 17:23:55,894 - INFO - Processing image 800/862
2024-01-08 17:23:58,815 - INFO - Processing image 850/862
2024-01-08 17:23:59,536 - INFO - [INFO] Serializing 421 encodings...
2024-01-08 17:24:17,177 - INFO - [INFO] encoding labels...
2024-01-08 17:24:17,177 - ERROR - [ERROR] Number of unique classes is less than 2. Unable to train the model.
2024-01-08 17:24:51,263 - INFO - User entered name: senthil
2024-01-08 17:26:22,478 - INFO - Created/accessed output directory: E:\face\face-deduction-algo-main\face-recognition-using-deep-learning-master\dataset\senthil
2024-01-08 17:26:27,252 - INFO - Captured 108 frames.
2024-01-08 17:26:27,254 - INFO - Execution time: 4.77 seconds
2024-01-08 17:26:27,254 - INFO - CPU Usage: 7.8%
2024-01-08 17:26:27,254 - INFO - 108 frames captured and saved in the directory 'E:\face\face-deduction-algo-main\face-recognition-using-deep-learning-master\dataset\senthil'.
2024-01-08 17:26:33,137 - INFO - Loading Face Detector...
2024-01-08 17:26:33,168 - INFO - Loading Face Recognizer from E:\\face\\face-deduction-algo-main\\face_detection_model\\openface_nn4.small2.v1.t7...
2024-01-08 17:26:33,216 - INFO - Quantifying Faces...
2024-01-08 17:26:33,227 - INFO - Processing image 0/862
2024-01-08 17:26:36,367 - INFO - Processing image 50/862
2024-01-08 17:26:40,154 - INFO - Processing image 100/862
2024-01-08 17:26:42,966 - INFO - Processing image 150/862
2024-01-08 17:26:46,120 - INFO - Processing image 200/862
2024-01-08 17:26:50,665 - INFO - Processing image 250/862
2024-01-08 17:26:55,029 - INFO - Processing image 300/862
2024-01-08 17:26:58,224 - INFO - Processing image 350/862
2024-01-08 17:27:02,582 - INFO - Processing image 400/862
2024-01-08 17:27:44,574 - INFO - User entered name: senthil
2024-01-08 17:27:45,375 - INFO - Created/accessed output directory: E:\face\face-deduction-algo-main\dataset\senthil
2024-01-08 17:27:56,039 - INFO - Captured 263 frames.
2024-01-08 17:27:56,053 - INFO - Execution time: 10.66 seconds
2024-01-08 17:27:56,053 - INFO - CPU Usage: 32.1%
2024-01-08 17:27:56,053 - INFO - 263 frames captured and saved in the directory 'E:\face\face-deduction-algo-main\dataset\senthil'.
2024-01-08 17:28:02,495 - INFO - Loading Face Detector...
2024-01-08 17:28:02,526 - INFO - Loading Face Recognizer from E:\\face\\face-deduction-algo-main\\face_detection_model\\openface_nn4.small2.v1.t7...
2024-01-08 17:28:02,558 - INFO - Quantifying Faces...
2024-01-08 17:28:02,574 - INFO - Processing image 0/1125
2024-01-08 17:28:08,160 - INFO - Processing image 50/1125
2024-01-08 17:28:12,415 - INFO - Processing image 100/1125
2024-01-08 17:28:15,598 - INFO - Processing image 150/1125
2024-01-08 17:28:19,290 - INFO - Processing image 200/1125
2024-01-08 17:28:22,910 - INFO - Processing image 250/1125
2024-01-08 17:28:25,621 - INFO - Processing image 300/1125
2024-01-08 17:28:28,822 - INFO - Processing image 350/1125
2024-01-08 17:28:32,336 - INFO - Processing image 400/1125
2024-01-08 17:28:35,679 - INFO - Processing image 450/1125
2024-01-08 17:28:40,670 - INFO - Processing image 500/1125
2024-01-08 17:28:45,567 - INFO - Processing image 550/1125
2024-01-08 17:28:49,517 - INFO - Processing image 600/1125
2024-01-08 17:28:53,413 - INFO - Processing image 650/1125
2024-01-08 17:28:56,862 - INFO - Processing image 700/1125
2024-01-08 17:28:59,945 - INFO - Processing image 750/1125
2024-01-08 17:29:03,010 - INFO - Processing image 800/1125
2024-01-08 17:29:06,499 - INFO - Processing image 850/1125
2024-01-08 17:29:12,704 - INFO - Processing image 900/1125
2024-01-08 17:29:19,326 - INFO - Processing image 950/1125
2024-01-08 17:29:25,612 - INFO - Processing image 1000/1125
2024-01-08 17:29:32,177 - INFO - Processing image 1050/1125
2024-01-08 17:29:38,656 - INFO - Processing image 1100/1125
2024-01-08 17:29:41,673 - INFO - [INFO] Serializing 684 encodings...
2024-01-08 17:29:44,453 - INFO - [INFO] encoding labels...
2024-01-08 17:29:44,460 - INFO - [INFO] Number of unique classes: 2
2024-01-08 17:29:44,460 - INFO - [INFO] training model...
2024-01-08 17:29:44,493 - INFO - [INFO] saving recognizer model to disk...
2024-01-08 17:29:44,500 - INFO - [INFO] saving label encoder to disk...
2024-01-08 17:29:44,502 - INFO - [INFO] Face recognition model training completed from script third.
2024-01-09 10:14:31,902 - INFO - Loading Face Detector...
2024-01-09 10:14:32,404 - INFO - Loading Face Recognizer from E:\\face\\face-deduction-algo-main\\face_detection_model\\openface_nn4.small2.v1.t7...
2024-01-09 10:14:32,843 - INFO - Quantifying Faces...
2024-01-09 10:14:32,877 - INFO - Processing image 0/1125
2024-01-09 10:14:36,885 - INFO - Processing image 50/1125
2024-01-09 10:14:40,553 - INFO - Processing image 100/1125
2024-01-09 10:14:44,335 - INFO - Processing image 150/1125
2024-01-09 10:14:47,970 - INFO - Processing image 200/1125
2024-01-09 10:14:53,193 - INFO - Processing image 250/1125
2024-01-09 10:14:56,738 - INFO - Processing image 300/1125
2024-01-09 10:15:00,170 - INFO - Processing image 350/1125
2024-01-09 10:15:04,052 - INFO - Processing image 400/1125
2024-01-09 10:15:07,288 - INFO - Processing image 450/1125
2024-01-09 10:15:10,920 - INFO - Processing image 500/1125
2024-01-09 10:15:14,439 - INFO - Processing image 550/1125
2024-01-09 10:15:17,895 - INFO - Processing image 600/1125
2024-01-09 10:15:21,815 - INFO - Processing image 650/1125
2024-01-09 10:15:25,564 - INFO - Processing image 700/1125
2024-01-09 10:15:30,214 - INFO - Processing image 750/1125
2024-01-09 10:15:33,985 - INFO - Processing image 800/1125
2024-01-09 10:15:37,525 - INFO - Processing image 850/1125
2024-01-09 10:15:41,958 - INFO - Processing image 900/1125
2024-01-09 10:15:45,533 - INFO - Processing image 950/1125
2024-01-09 10:15:49,352 - INFO - Processing image 1000/1125
2024-01-09 10:15:53,315 - INFO - Processing image 1050/1125
2024-01-09 10:15:56,929 - INFO - Processing image 1100/1125
2024-01-09 10:15:58,803 - INFO - [INFO] Serializing 684 encodings...
2024-01-09 10:16:12,170 - INFO - [INFO] encoding labels...
2024-01-09 10:16:12,186 - INFO - [INFO] Number of unique classes: 2
2024-01-09 10:16:12,186 - INFO - [INFO] training model...
2024-01-09 10:16:12,310 - INFO - [INFO] saving recognizer model to disk...
2024-01-09 10:16:12,326 - INFO - [INFO] saving label encoder to disk...
2024-01-09 10:16:12,326 - INFO - [INFO] Face recognition model training completed from script third.
2024-01-09 11:55:34,280 - INFO - Loading Face Detector...
2024-01-09 11:55:34,766 - INFO - Loading Face Recognizer from E:\\face\\face-deduction-algo-main\\face_detection_model\\openface_nn4.small2.v1.t7...
2024-01-09 11:55:35,112 - INFO - Quantifying Faces...
2024-01-09 11:55:35,136 - INFO - Processing image 0/862
2024-01-09 11:55:39,756 - INFO - Processing image 50/862
2024-01-09 11:55:44,454 - INFO - Processing image 100/862
2024-01-09 11:55:48,457 - INFO - Processing image 150/862
2024-01-09 11:55:52,026 - INFO - Processing image 200/862
2024-01-09 11:55:55,908 - INFO - Processing image 250/862
2024-01-09 11:55:58,925 - INFO - Processing image 300/862
2024-01-09 11:56:03,023 - INFO - Processing image 350/862
2024-01-09 11:56:07,751 - INFO - Processing image 400/862
2024-01-09 11:56:10,910 - INFO - Processing image 450/862
2024-01-09 11:56:14,598 - INFO - Processing image 500/862
2024-01-09 11:56:18,200 - INFO - Processing image 550/862
2024-01-09 11:56:21,616 - INFO - Processing image 600/862
2024-01-09 11:56:25,191 - INFO - Processing image 650/862
2024-01-09 11:56:29,370 - INFO - Processing image 700/862
2024-01-09 11:56:33,029 - INFO - Processing image 750/862
2024-01-09 11:56:36,716 - INFO - Processing image 800/862
2024-01-09 11:56:40,169 - INFO - Processing image 850/862
2024-01-09 11:56:41,025 - INFO - [INFO] Serializing 421 encodings...
